SF:lib/src/font_loader.dart
DA:20,1
DA:21,1
DA:22,3
DA:24,2
DA:27,2
DA:28,2
DA:29,2
DA:30,4
DA:32,2
DA:47,1
DA:49,1
DA:53,1
DA:55,1
DA:59,1
DA:60,2
DA:61,3
DA:65,0
DA:66,0
DA:67,0
DA:68,0
DA:69,0
LF:21
LH:16
end_of_record
SF:lib/src/configuration.dart
DA:22,0
DA:24,0
DA:31,1
DA:35,1
DA:37,1
DA:42,1
DA:43,2
DA:47,0
DA:95,1
DA:103,1
DA:130,0
DA:139,0
DA:140,0
DA:141,0
DA:143,0
DA:144,0
DA:145,0
DA:146,0
DA:147,0
DA:151,0
DA:154,0
DA:155,0
DA:156,0
DA:157,0
DA:158,0
DA:159,0
DA:160,0
DA:161,0
DA:162,0
DA:165,0
DA:167,0
DA:168,0
DA:169,0
DA:170,0
DA:171,0
DA:172,0
DA:173,0
DA:176,0
DA:180,1
DA:181,1
DA:186,0
DA:187,0
LF:42
LH:9
end_of_record
SF:lib/src/device.dart
DA:16,1
DA:64,0
DA:72,0
DA:73,0
DA:74,0
DA:75,0
DA:76,0
DA:77,0
DA:78,0
DA:83,0
DA:84,0
DA:85,0
DA:86,0
DA:87,0
DA:89,0
DA:91,0
DA:95,0
DA:97,0
LF:18
LH:1
end_of_record
SF:lib/src/device_builder.dart
DA:20,0
DA:45,0
DA:62,0
DA:66,0
DA:67,0
DA:68,0
DA:77,0
DA:82,0
DA:83,0
DA:85,0
DA:87,0
DA:88,0
DA:91,0
DA:95,0
DA:104,0
DA:105,0
DA:106,0
DA:107,0
DA:109,0
DA:110,0
DA:111,0
DA:113,0
DA:114,0
DA:115,0
DA:116,0
DA:119,0
DA:123,0
DA:124,0
DA:125,0
DA:127,0
DA:130,0
DA:131,0
DA:132,0
DA:133,0
DA:134,0
DA:135,0
DA:136,0
DA:137,0
DA:138,0
DA:142,0
DA:144,0
DA:145,0
DA:146,0
DA:147,0
DA:148,0
DA:149,0
DA:159,0
DA:165,0
DA:175,0
DA:176,0
DA:177,0
DA:179,0
DA:180,0
DA:182,0
DA:183,0
DA:184,0
DA:185,0
DA:186,0
DA:187,0
DA:188,0
DA:191,0
DA:193,0
DA:194,0
DA:195,0
DA:196,0
DA:202,0
DA:204,0
DA:205,0
DA:206,0
DA:209,0
DA:210,0
DA:211,0
DA:215,0
DA:218,0
DA:219,0
DA:221,0
DA:222,0
DA:223,0
LF:78
LH:0
end_of_record
SF:lib/src/golden_builder.dart
DA:26,0
DA:32,0
DA:46,1
DA:50,1
DA:56,1
DA:80,0
DA:85,0
DA:86,0
DA:87,0
DA:94,1
DA:95,3
DA:98,1
DA:103,1
DA:104,1
DA:106,1
DA:108,1
DA:109,3
DA:114,0
DA:115,0
DA:116,0
DA:120,0
DA:121,0
DA:125,1
DA:126,2
DA:130,1
DA:135,1
DA:141,1
DA:143,1
DA:145,1
DA:148,1
DA:149,2
DA:151,2
DA:159,0
DA:166,0
DA:168,0
DA:169,0
DA:170,0
LF:37
LH:21
end_of_record
SF:lib/src/multi_screen_golden.dart
DA:19,0
DA:20,0
DA:21,0
DA:51,0
DA:63,0
DA:65,0
DA:66,0
DA:68,0
DA:70,0
DA:71,0
DA:73,0
DA:74,0
DA:82,0
LF:13
LH:0
end_of_record
SF:lib/src/testing_tools.dart
DA:46,1
DA:52,1
DA:54,2
DA:67,0
DA:71,0
DA:72,0
DA:74,0
DA:77,0
DA:78,0
DA:95,1
DA:102,2
DA:105,0
DA:107,1
DA:108,1
DA:109,0
DA:115,0
DA:117,1
DA:123,3
DA:124,3
DA:125,3
DA:126,3
DA:128,2
DA:129,2
DA:131,2
DA:148,1
DA:155,2
DA:156,1
DA:158,1
DA:159,1
DA:161,2
DA:164,2
DA:167,1
DA:174,1
DA:175,2
DA:177,0
DA:181,3
DA:202,1
DA:211,1
DA:221,1
DA:222,2
DA:227,1
DA:238,1
DA:242,0
DA:246,2
DA:251,3
DA:253,3
DA:256,2
DA:259,1
DA:261,1
DA:265,0
DA:266,0
DA:267,0
DA:268,0
DA:269,0
DA:270,0
DA:275,0
DA:276,0
DA:277,0
DA:278,0
DA:280,0
DA:282,0
DA:283,0
DA:284,0
DA:285,0
DA:286,0
DA:289,0
DA:290,0
DA:291,0
DA:293,0
DA:296,2
DA:298,1
DA:302,1
DA:304,0
DA:305,0
DA:315,0
DA:316,0
DA:317,0
DA:322,0
DA:327,0
DA:328,0
DA:329,0
DA:330,0
DA:340,1
DA:341,2
DA:343,2
DA:344,3
DA:345,1
DA:346,0
DA:347,0
DA:348,0
DA:351,1
DA:352,0
DA:353,0
DA:354,0
DA:355,0
DA:356,0
DA:363,1
DA:364,1
LF:98
LH:49
end_of_record
SF:lib/src/widget_tester_extensions.dart
DA:15,3
DA:26,0
DA:30,0
DA:32,0
DA:34,0
DA:45,0
DA:46,0
DA:47,0
DA:48,0
DA:49,0
DA:50,0
DA:51,0
DA:57,0
DA:60,0
DA:61,0
DA:62,0
DA:63,0
DA:64,0
DA:65,0
DA:77,0
DA:78,0
DA:79,0
DA:80,0
DA:81,0
DA:82,0
DA:88,0
LF:26
LH:1
end_of_record
SF:lib/src/test_asset_bundle.dart
DA:20,0
DA:22,0
DA:23,0
DA:27,0
LF:4
LH:0
end_of_record
